<?xml version="1.0" encoding="UTF-8"?>
<!-- Generated by org.testng.reporters.JUnitXMLReporter -->
<testsuite hostname="LAPTOP-126PMD0G" ignored="0" name="edgeTest" tests="5" failures="0" timestamp="25 Oct 2020 20:25:08 GMT" time="104.409" errors="0">
  <testcase name="loginTest" time="15.999" classname="com.nopcommerce.testCases.TC_LoginTest_001"/>
  <testcase name="loginTest" time="20.498" classname="com.nopcommerce.testCases.TC_LoginDDT_002"/>
  <testcase name="loginTest" time="6.764" classname="com.nopcommerce.testCases.TC_LoginDDT_002"/>
  <testcase name="loginTest" time="7.012" classname="com.nopcommerce.testCases.TC_LoginDDT_002"/>
  <testcase name="loginTest" time="6.434" classname="com.nopcommerce.testCases.TC_LoginDDT_002"/>
</testsuite> <!-- edgeTest -->
