<?xml version="1.0" encoding="UTF-8"?>
<testng-results skipped="0" failed="0" ignored="0" total="4" passed="4">
  <reporter-output>
  </reporter-output>
  <suite name="nopcommerce" duration-ms="60281" started-at="2020-10-26T06:16:06Z" finished-at="2020-10-26T06:17:06Z">
    <groups>
    </groups>
    <test name="TC_LoginTest_001" duration-ms="20817" started-at="2020-10-26T06:16:06Z" finished-at="2020-10-26T06:16:27Z">
      <class name="com.nopcommerce.testCases.TC_LoginTest_001">
        <test-method status="PASS" signature="setup(java.lang.String)[pri:0, instance:com.nopcommerce.testCases.TC_LoginTest_001@5c671d7f]" name="setup" is-config="true" duration-ms="8883" started-at="2020-10-26T06:16:06Z" finished-at="2020-10-26T06:16:15Z">
          <params>
            <param index="0">
              <value>
                <![CDATA[chrome]]>
              </value>
            </param>
          </params>
          <reporter-output>
          </reporter-output>
        </test-method> <!-- setup -->
        <test-method status="PASS" signature="loginTest()[pri:0, instance:com.nopcommerce.testCases.TC_LoginTest_001@5c671d7f]" name="loginTest" duration-ms="10454" started-at="2020-10-26T06:16:15Z" finished-at="2020-10-26T06:16:25Z">
          <reporter-output>
          </reporter-output>
        </test-method> <!-- loginTest -->
        <test-method status="PASS" signature="tearDown()[pri:0, instance:com.nopcommerce.testCases.TC_LoginTest_001@5c671d7f]" name="tearDown" is-config="true" duration-ms="1217" started-at="2020-10-26T06:16:25Z" finished-at="2020-10-26T06:16:27Z">
          <reporter-output>
          </reporter-output>
        </test-method> <!-- tearDown -->
      </class> <!-- com.nopcommerce.testCases.TC_LoginTest_001 -->
    </test> <!-- TC_LoginTest_001 -->
    <test name="TC_SearchCustomerByEmail_004" duration-ms="17806" started-at="2020-10-26T06:16:28Z" finished-at="2020-10-26T06:16:45Z">
      <class name="com.nopcommerce.testCases.TC_SearchCustomerByEmail_004">
        <test-method status="PASS" signature="setup(java.lang.String)[pri:0, instance:com.nopcommerce.testCases.TC_SearchCustomerByEmail_004@a1cdc6d]" name="setup" is-config="true" duration-ms="6032" started-at="2020-10-26T06:16:28Z" finished-at="2020-10-26T06:16:34Z">
          <params>
            <param index="0">
              <value>
                <![CDATA[chrome]]>
              </value>
            </param>
          </params>
          <reporter-output>
          </reporter-output>
        </test-method> <!-- setup -->
        <test-method status="PASS" signature="searchCustomerbyEmail()[pri:0, instance:com.nopcommerce.testCases.TC_SearchCustomerByEmail_004@a1cdc6d]" name="searchCustomerbyEmail" duration-ms="10868" started-at="2020-10-26T06:16:34Z" finished-at="2020-10-26T06:16:45Z">
          <reporter-output>
          </reporter-output>
        </test-method> <!-- searchCustomerbyEmail -->
        <test-method status="PASS" signature="tearDown()[pri:0, instance:com.nopcommerce.testCases.TC_SearchCustomerByEmail_004@a1cdc6d]" name="tearDown" is-config="true" duration-ms="898" started-at="2020-10-26T06:16:45Z" finished-at="2020-10-26T06:16:45Z">
          <reporter-output>
          </reporter-output>
        </test-method> <!-- tearDown -->
      </class> <!-- com.nopcommerce.testCases.TC_SearchCustomerByEmail_004 -->
    </test> <!-- TC_SearchCustomerByEmail_004 -->
    <test name="TC_AddCustomerTest_003" duration-ms="43383" started-at="2020-10-26T06:16:06Z" finished-at="2020-10-26T06:16:49Z">
      <class name="com.nopcommerce.testCases.TC_AddCustomerTest_003">
        <test-method status="PASS" signature="setup(java.lang.String)[pri:0, instance:com.nopcommerce.testCases.TC_AddCustomerTest_003@68267da0]" name="setup" is-config="true" duration-ms="8908" started-at="2020-10-26T06:16:06Z" finished-at="2020-10-26T06:16:15Z">
          <params>
            <param index="0">
              <value>
                <![CDATA[chrome]]>
              </value>
            </param>
          </params>
          <reporter-output>
          </reporter-output>
        </test-method> <!-- setup -->
        <test-method status="PASS" signature="addNewCustomer()[pri:0, instance:com.nopcommerce.testCases.TC_AddCustomerTest_003@68267da0]" name="addNewCustomer" duration-ms="32975" started-at="2020-10-26T06:16:15Z" finished-at="2020-10-26T06:16:48Z">
          <reporter-output>
          </reporter-output>
        </test-method> <!-- addNewCustomer -->
        <test-method status="PASS" signature="tearDown()[pri:0, instance:com.nopcommerce.testCases.TC_AddCustomerTest_003@68267da0]" name="tearDown" is-config="true" duration-ms="1319" started-at="2020-10-26T06:16:48Z" finished-at="2020-10-26T06:16:49Z">
          <reporter-output>
          </reporter-output>
        </test-method> <!-- tearDown -->
      </class> <!-- com.nopcommerce.testCases.TC_AddCustomerTest_003 -->
    </test> <!-- TC_AddCustomerTest_003 -->
    <test name="TC_SearchCustomerByName_005" duration-ms="20539" started-at="2020-10-26T06:16:46Z" finished-at="2020-10-26T06:17:06Z">
      <class name="com.nopcommerce.testCases.TC_SearchCustomerByName_005">
        <test-method status="PASS" signature="setup(java.lang.String)[pri:0, instance:com.nopcommerce.testCases.TC_SearchCustomerByName_005@2118cddf]" name="setup" is-config="true" duration-ms="7020" started-at="2020-10-26T06:16:46Z" finished-at="2020-10-26T06:16:53Z">
          <params>
            <param index="0">
              <value>
                <![CDATA[chrome]]>
              </value>
            </param>
          </params>
          <reporter-output>
          </reporter-output>
        </test-method> <!-- setup -->
        <test-method status="PASS" signature="searchCustomerbyName()[pri:0, instance:com.nopcommerce.testCases.TC_SearchCustomerByName_005@2118cddf]" name="searchCustomerbyName" duration-ms="11985" started-at="2020-10-26T06:16:53Z" finished-at="2020-10-26T06:17:05Z">
          <reporter-output>
          </reporter-output>
        </test-method> <!-- searchCustomerbyName -->
        <test-method status="PASS" signature="tearDown()[pri:0, instance:com.nopcommerce.testCases.TC_SearchCustomerByName_005@2118cddf]" name="tearDown" is-config="true" duration-ms="1526" started-at="2020-10-26T06:17:05Z" finished-at="2020-10-26T06:17:06Z">
          <reporter-output>
          </reporter-output>
        </test-method> <!-- tearDown -->
      </class> <!-- com.nopcommerce.testCases.TC_SearchCustomerByName_005 -->
    </test> <!-- TC_SearchCustomerByName_005 -->
  </suite> <!-- nopcommerce -->
</testng-results>
